;  LST file generated by mikroListExporter - v.2.0 
; Date/Time: 8/6/2024 2:40:57 PM
;----------------------------------------------

;Address Opcode 	ASM
0x0000	0x28B4      	GOTO       180
_interrupt:
0x0004	0x00FF      	MOVWF      R15
0x0005	0x0E03      	SWAPF      STATUS, 0
0x0006	0x0183      	CLRF       STATUS
0x0007	0x00AA      	MOVWF      ___saveSTATUS
0x0008	0x080A      	MOVF       PCLATH, 0
0x0009	0x00AB      	MOVWF      ___savePCLATH
0x000A	0x018A      	CLRF       PCLATH
0x000B	0x0870      	MOVF       R0, 0
0x000C	0x00A3      	MOVWF      35
0x000D	0x087B      	MOVF       R11, 0
0x000E	0x00A2      	MOVWF      34
0x000F	0x087C      	MOVF       R12, 0
0x0010	0x00A1      	MOVWF      33
0x0011	0x087D      	MOVF       R13, 0
0x0012	0x00A0      	MOVWF      32
;MyProject.c,56 :: 		void interrupt(){
;MyProject.c,57 :: 		if(intf_bit==1){
0x0013	0x1C8B      	BTFSS      INTF_bit, BitPos(INTF_bit+0)
0x0014	0x2892      	GOTO       L_interrupt29
;MyProject.c,58 :: 		porta.B0=0;
0x0015	0x1005      	BCF        PORTA, 0
;MyProject.c,59 :: 		if(porta.B4==1&&flag1==0){
0x0016	0x1E05      	BTFSS      PORTA, 4
0x0017	0x283D      	GOTO       L_interrupt32
0x0018	0x0826      	MOVF       _flag1, 0
0x0019	0x3A00      	XORLW      0
0x001A	0x1D03      	BTFSS      STATUS, 2
0x001B	0x283D      	GOTO       L_interrupt32
L__interrupt46:
;MyProject.c,60 :: 		portb=0b00010100;
0x001C	0x3014      	MOVLW      20
0x001D	0x0086      	MOVWF      PORTB
;MyProject.c,61 :: 		delay_ms(3000);
0x001E	0x301F      	MOVLW      31
0x001F	0x00FB      	MOVWF      R11
0x0020	0x3071      	MOVLW      113
0x0021	0x00FC      	MOVWF      R12
0x0022	0x301E      	MOVLW      30
0x0023	0x00FD      	MOVWF      R13
L_interrupt33:
0x0024	0x0BFD      	DECFSZ     R13, 1
0x0025	0x2824      	GOTO       L_interrupt33
0x0026	0x0BFC      	DECFSZ     R12, 1
0x0027	0x2824      	GOTO       L_interrupt33
0x0028	0x0BFB      	DECFSZ     R11, 1
0x0029	0x2824      	GOTO       L_interrupt33
0x002A	0x0000      	NOP
;MyProject.c,62 :: 		portb=0b01000010;
0x002B	0x3042      	MOVLW      66
0x002C	0x0086      	MOVWF      PORTB
;MyProject.c,63 :: 		flag1=1;
0x002D	0x3001      	MOVLW      1
0x002E	0x00A6      	MOVWF      _flag1
;MyProject.c,64 :: 		delay_ms(1000);}
0x002F	0x300B      	MOVLW      11
0x0030	0x00FB      	MOVWF      R11
0x0031	0x3026      	MOVLW      38
0x0032	0x00FC      	MOVWF      R12
0x0033	0x305D      	MOVLW      93
0x0034	0x00FD      	MOVWF      R13
L_interrupt34:
0x0035	0x0BFD      	DECFSZ     R13, 1
0x0036	0x2835      	GOTO       L_interrupt34
0x0037	0x0BFC      	DECFSZ     R12, 1
0x0038	0x2835      	GOTO       L_interrupt34
0x0039	0x0BFB      	DECFSZ     R11, 1
0x003A	0x2835      	GOTO       L_interrupt34
0x003B	0x0000      	NOP
0x003C	0x0000      	NOP
L_interrupt32:
;MyProject.c,65 :: 		if(flag1==1){
0x003D	0x0826      	MOVF       _flag1, 0
0x003E	0x3A01      	XORLW      1
0x003F	0x1D03      	BTFSS      STATUS, 2
0x0040	0x2852      	GOTO       L_interrupt35
;MyProject.c,66 :: 		flag2=0;
0x0041	0x01A7      	CLRF       _flag2
;MyProject.c,67 :: 		portb=0b01000010;
0x0042	0x3042      	MOVLW      66
0x0043	0x0086      	MOVWF      PORTB
;MyProject.c,68 :: 		delay_ms(1000);}
0x0044	0x300B      	MOVLW      11
0x0045	0x00FB      	MOVWF      R11
0x0046	0x3026      	MOVLW      38
0x0047	0x00FC      	MOVWF      R12
0x0048	0x305D      	MOVLW      93
0x0049	0x00FD      	MOVWF      R13
L_interrupt36:
0x004A	0x0BFD      	DECFSZ     R13, 1
0x004B	0x284A      	GOTO       L_interrupt36
0x004C	0x0BFC      	DECFSZ     R12, 1
0x004D	0x284A      	GOTO       L_interrupt36
0x004E	0x0BFB      	DECFSZ     R11, 1
0x004F	0x284A      	GOTO       L_interrupt36
0x0050	0x0000      	NOP
0x0051	0x0000      	NOP
L_interrupt35:
;MyProject.c,69 :: 		if(porta.B4==0&&flag2==0){
0x0052	0x1A05      	BTFSC      PORTA, 4
0x0053	0x2879      	GOTO       L_interrupt39
0x0054	0x0827      	MOVF       _flag2, 0
0x0055	0x3A00      	XORLW      0
0x0056	0x1D03      	BTFSS      STATUS, 2
0x0057	0x2879      	GOTO       L_interrupt39
L__interrupt45:
;MyProject.c,70 :: 		portb=0b00100010;
0x0058	0x3022      	MOVLW      34
0x0059	0x0086      	MOVWF      PORTB
;MyProject.c,71 :: 		delay_ms(3000);
0x005A	0x301F      	MOVLW      31
0x005B	0x00FB      	MOVWF      R11
0x005C	0x3071      	MOVLW      113
0x005D	0x00FC      	MOVWF      R12
0x005E	0x301E      	MOVLW      30
0x005F	0x00FD      	MOVWF      R13
L_interrupt40:
0x0060	0x0BFD      	DECFSZ     R13, 1
0x0061	0x2860      	GOTO       L_interrupt40
0x0062	0x0BFC      	DECFSZ     R12, 1
0x0063	0x2860      	GOTO       L_interrupt40
0x0064	0x0BFB      	DECFSZ     R11, 1
0x0065	0x2860      	GOTO       L_interrupt40
0x0066	0x0000      	NOP
;MyProject.c,72 :: 		portb=0b00011000;
0x0067	0x3018      	MOVLW      24
0x0068	0x0086      	MOVWF      PORTB
;MyProject.c,73 :: 		flag2=1;
0x0069	0x3001      	MOVLW      1
0x006A	0x00A7      	MOVWF      _flag2
;MyProject.c,74 :: 		delay_ms(1000);}
0x006B	0x300B      	MOVLW      11
0x006C	0x00FB      	MOVWF      R11
0x006D	0x3026      	MOVLW      38
0x006E	0x00FC      	MOVWF      R12
0x006F	0x305D      	MOVLW      93
0x0070	0x00FD      	MOVWF      R13
L_interrupt41:
0x0071	0x0BFD      	DECFSZ     R13, 1
0x0072	0x2871      	GOTO       L_interrupt41
0x0073	0x0BFC      	DECFSZ     R12, 1
0x0074	0x2871      	GOTO       L_interrupt41
0x0075	0x0BFB      	DECFSZ     R11, 1
0x0076	0x2871      	GOTO       L_interrupt41
0x0077	0x0000      	NOP
0x0078	0x0000      	NOP
L_interrupt39:
;MyProject.c,75 :: 		if(flag2==1){
0x0079	0x0827      	MOVF       _flag2, 0
0x007A	0x3A01      	XORLW      1
0x007B	0x1D03      	BTFSS      STATUS, 2
0x007C	0x288E      	GOTO       L_interrupt42
;MyProject.c,76 :: 		flag1=0;
0x007D	0x01A6      	CLRF       _flag1
;MyProject.c,77 :: 		portb=0b00011000;
0x007E	0x3018      	MOVLW      24
0x007F	0x0086      	MOVWF      PORTB
;MyProject.c,78 :: 		delay_ms(1000);}
0x0080	0x300B      	MOVLW      11
0x0081	0x00FB      	MOVWF      R11
0x0082	0x3026      	MOVLW      38
0x0083	0x00FC      	MOVWF      R12
0x0084	0x305D      	MOVLW      93
0x0085	0x00FD      	MOVWF      R13
L_interrupt43:
0x0086	0x0BFD      	DECFSZ     R13, 1
0x0087	0x2886      	GOTO       L_interrupt43
0x0088	0x0BFC      	DECFSZ     R12, 1
0x0089	0x2886      	GOTO       L_interrupt43
0x008A	0x0BFB      	DECFSZ     R11, 1
0x008B	0x2886      	GOTO       L_interrupt43
0x008C	0x0000      	NOP
0x008D	0x0000      	NOP
L_interrupt42:
;MyProject.c,79 :: 		if(portb.B0==1){
0x008E	0x1C06      	BTFSS      PORTB, 0
0x008F	0x2892      	GOTO       L_interrupt44
;MyProject.c,80 :: 		intf_bit=0;
0x0090	0x108B      	BCF        INTF_bit, BitPos(INTF_bit+0)
;MyProject.c,81 :: 		porta.B0=1;}
0x0091	0x1405      	BSF        PORTA, 0
L_interrupt44:
;MyProject.c,87 :: 		} }
L_interrupt29:
L_end_interrupt:
L__interrupt49:
0x0092	0x0823      	MOVF       35, 0
0x0093	0x00F0      	MOVWF      R0
0x0094	0x0822      	MOVF       34, 0
0x0095	0x00FB      	MOVWF      R11
0x0096	0x0821      	MOVF       33, 0
0x0097	0x00FC      	MOVWF      R12
0x0098	0x0820      	MOVF       32, 0
0x0099	0x00FD      	MOVWF      R13
0x009A	0x082B      	MOVF       ___savePCLATH, 0
0x009B	0x008A      	MOVWF      PCLATH
0x009C	0x0E2A      	SWAPF      ___saveSTATUS, 0
0x009D	0x0083      	MOVWF      STATUS
0x009E	0x0EFF      	SWAPF      R15, 1
0x009F	0x0E7F      	SWAPF      R15, 0
0x00A0	0x0009      	RETFIE
; end of _interrupt
_____DoICP:
;__Lib_System.c,6 :: 		
;__Lib_System.c,9 :: 		
0x00A1	0x1283      	BCF        STATUS, 5
0x00A2	0x1303      	BCF        STATUS, 6
0x00A3	0x0829      	MOVF       ___DoICPAddr+1, 0
0x00A4	0x008A      	MOVWF      PCLATH
;__Lib_System.c,10 :: 		
0x00A5	0x0828      	MOVF       ___DoICPAddr, 0
0x00A6	0x0082      	MOVWF      PCL
;__Lib_System.c,12 :: 		
L_end_____DoICP:
0x00A7	0x0008      	RETURN
; end of _____DoICP
___CC2DW:
;__Lib_System.c,134 :: 		
;__Lib_System.c,137 :: 		
_CC2D_Loop1:
;__Lib_System.c,139 :: 		
0x00A8	0x20A1      	CALL       _____DoICP
0x00A9	0x118A      	BCF        PCLATH, 3
0x00AA	0x120A      	BCF        PCLATH, 4
;__Lib_System.c,141 :: 		
0x00AB	0x0080      	MOVWF      INDF
;__Lib_System.c,142 :: 		
0x00AC	0x0A84      	INCF       FSR, 1
;__Lib_System.c,143 :: 		
0x00AD	0x0AA8      	INCF       ___DoICPAddr, 1
;__Lib_System.c,145 :: 		
0x00AE	0x1903      	BTFSC      STATUS, 2
;__Lib_System.c,146 :: 		
0x00AF	0x0AA9      	INCF       ___DoICPAddr+1, 1
;__Lib_System.c,147 :: 		
0x00B0	0x03F0      	DECF       R0, 1
;__Lib_System.c,149 :: 		
0x00B1	0x1D03      	BTFSS      STATUS, 2
;__Lib_System.c,150 :: 		
0x00B2	0x28A8      	GOTO       _CC2D_Loop1
;__Lib_System.c,152 :: 		
L_end___CC2DW:
0x00B3	0x0008      	RETURN
; end of ___CC2DW
_main:
0x00B4	0x3001      	MOVLW      1
0x00B5	0x1283      	BCF        STATUS, 5
0x00B6	0x1303      	BCF        STATUS, 6
0x00B7	0x00A4      	MOVWF      _counter1
0x00B8	0x3001      	MOVLW      1
0x00B9	0x00A5      	MOVWF      _counter2
0x00BA	0x01A6      	CLRF       _flag1
0x00BB	0x01A7      	CLRF       _flag2
;MyProject.c,5 :: 		void main() {
;MyProject.c,6 :: 		trisb=0b00000001;
0x00BC	0x3001      	MOVLW      1
0x00BD	0x1683      	BSF        STATUS, 5
0x00BE	0x0086      	MOVWF      TRISB
;MyProject.c,7 :: 		trisa.B4=1;
0x00BF	0x1605      	BSF        TRISA, 4
;MyProject.c,8 :: 		trisa.B0=0;
0x00C0	0x1005      	BCF        TRISA, 0
;MyProject.c,9 :: 		trisc=0b00000000;
0x00C1	0x0187      	CLRF       TRISC
;MyProject.c,10 :: 		trisd=0b00000000;
0x00C2	0x0188      	CLRF       TRISD
;MyProject.c,11 :: 		gie_bit=1;
0x00C3	0x178B      	BSF        GIE_bit, BitPos(GIE_bit+0)
;MyProject.c,12 :: 		inte_bit=1;
0x00C4	0x160B      	BSF        INTE_bit, BitPos(INTE_bit+0)
;MyProject.c,13 :: 		intedg_bit=0;
0x00C5	0x1301      	BCF        INTEDG_bit, BitPos(INTEDG_bit+0)
;MyProject.c,14 :: 		for(;;){
L_main0:
;MyProject.c,16 :: 		porta.B0=1;
0x00C6	0x1283      	BCF        STATUS, 5
0x00C7	0x1405      	BSF        PORTA, 0
;MyProject.c,17 :: 		portb=0b01000010;
0x00C8	0x3042      	MOVLW      66
0x00C9	0x0086      	MOVWF      PORTB
;MyProject.c,18 :: 		for(counter1=1;counter1<=9;counter1++){
0x00CA	0x3001      	MOVLW      1
0x00CB	0x00A4      	MOVWF      _counter1
L_main3:
0x00CC	0x0824      	MOVF       _counter1, 0
0x00CD	0x3C09      	SUBLW      9
0x00CE	0x1C03      	BTFSS      STATUS, 0
0x00CF	0x28E4      	GOTO       L_main4
;MyProject.c,19 :: 		portc=portd=counter1;
0x00D0	0x0824      	MOVF       _counter1, 0
0x00D1	0x0088      	MOVWF      PORTD
0x00D2	0x0808      	MOVF       PORTD, 0
0x00D3	0x0087      	MOVWF      PORTC
;MyProject.c,20 :: 		delay_ms(1000); }
0x00D4	0x300B      	MOVLW      11
0x00D5	0x00FB      	MOVWF      R11
0x00D6	0x3026      	MOVLW      38
0x00D7	0x00FC      	MOVWF      R12
0x00D8	0x305D      	MOVLW      93
0x00D9	0x00FD      	MOVWF      R13
L_main6:
0x00DA	0x0BFD      	DECFSZ     R13, 1
0x00DB	0x28DA      	GOTO       L_main6
0x00DC	0x0BFC      	DECFSZ     R12, 1
0x00DD	0x28DA      	GOTO       L_main6
0x00DE	0x0BFB      	DECFSZ     R11, 1
0x00DF	0x28DA      	GOTO       L_main6
0x00E0	0x0000      	NOP
0x00E1	0x0000      	NOP
;MyProject.c,18 :: 		for(counter1=1;counter1<=9;counter1++){
0x00E2	0x0AA4      	INCF       _counter1, 1
;MyProject.c,20 :: 		delay_ms(1000); }
0x00E3	0x28CC      	GOTO       L_main3
L_main4:
;MyProject.c,21 :: 		for(counter1=16;counter1<=21;counter1++){
0x00E4	0x3010      	MOVLW      16
0x00E5	0x00A4      	MOVWF      _counter1
L_main7:
0x00E6	0x0824      	MOVF       _counter1, 0
0x00E7	0x3C15      	SUBLW      21
0x00E8	0x1C03      	BTFSS      STATUS, 0
0x00E9	0x291B      	GOTO       L_main8
;MyProject.c,22 :: 		if(counter1<=18){
0x00EA	0x0824      	MOVF       _counter1, 0
0x00EB	0x3C12      	SUBLW      18
0x00EC	0x1C03      	BTFSS      STATUS, 0
0x00ED	0x2900      	GOTO       L_main10
;MyProject.c,23 :: 		portc=portd=counter1;
0x00EE	0x0824      	MOVF       _counter1, 0
0x00EF	0x0088      	MOVWF      PORTD
0x00F0	0x0808      	MOVF       PORTD, 0
0x00F1	0x0087      	MOVWF      PORTC
;MyProject.c,24 :: 		delay_ms(1000);}
0x00F2	0x300B      	MOVLW      11
0x00F3	0x00FB      	MOVWF      R11
0x00F4	0x3026      	MOVLW      38
0x00F5	0x00FC      	MOVWF      R12
0x00F6	0x305D      	MOVLW      93
0x00F7	0x00FD      	MOVWF      R13
L_main11:
0x00F8	0x0BFD      	DECFSZ     R13, 1
0x00F9	0x28F8      	GOTO       L_main11
0x00FA	0x0BFC      	DECFSZ     R12, 1
0x00FB	0x28F8      	GOTO       L_main11
0x00FC	0x0BFB      	DECFSZ     R11, 1
0x00FD	0x28F8      	GOTO       L_main11
0x00FE	0x0000      	NOP
0x00FF	0x0000      	NOP
L_main10:
;MyProject.c,25 :: 		if(counter1>18){
0x0100	0x0824      	MOVF       _counter1, 0
0x0101	0x3C12      	SUBLW      18
0x0102	0x1803      	BTFSC      STATUS, 0
0x0103	0x2919      	GOTO       L_main12
;MyProject.c,26 :: 		portb=0b00100010;
0x0104	0x3022      	MOVLW      34
0x0105	0x0086      	MOVWF      PORTB
;MyProject.c,27 :: 		portc=counter1;
0x0106	0x0824      	MOVF       _counter1, 0
0x0107	0x0087      	MOVWF      PORTC
;MyProject.c,28 :: 		portd=counter2;
0x0108	0x0825      	MOVF       _counter2, 0
0x0109	0x0088      	MOVWF      PORTD
;MyProject.c,29 :: 		counter2++;
0x010A	0x0AA5      	INCF       _counter2, 1
;MyProject.c,30 :: 		delay_ms(1000); }
0x010B	0x300B      	MOVLW      11
0x010C	0x00FB      	MOVWF      R11
0x010D	0x3026      	MOVLW      38
0x010E	0x00FC      	MOVWF      R12
0x010F	0x305D      	MOVLW      93
0x0110	0x00FD      	MOVWF      R13
L_main13:
0x0111	0x0BFD      	DECFSZ     R13, 1
0x0112	0x2911      	GOTO       L_main13
0x0113	0x0BFC      	DECFSZ     R12, 1
0x0114	0x2911      	GOTO       L_main13
0x0115	0x0BFB      	DECFSZ     R11, 1
0x0116	0x2911      	GOTO       L_main13
0x0117	0x0000      	NOP
0x0118	0x0000      	NOP
L_main12:
;MyProject.c,21 :: 		for(counter1=16;counter1<=21;counter1++){
0x0119	0x0AA4      	INCF       _counter1, 1
;MyProject.c,31 :: 		}
0x011A	0x28E6      	GOTO       L_main7
L_main8:
;MyProject.c,32 :: 		counter1=counter2=1;
0x011B	0x3001      	MOVLW      1
0x011C	0x00A5      	MOVWF      _counter2
0x011D	0x3001      	MOVLW      1
0x011E	0x00A4      	MOVWF      _counter1
;MyProject.c,33 :: 		portb=0b00011000;
0x011F	0x3018      	MOVLW      24
0x0120	0x0086      	MOVWF      PORTB
;MyProject.c,34 :: 		for(counter1=1;counter1<=9;counter1++){
0x0121	0x3001      	MOVLW      1
0x0122	0x00A4      	MOVWF      _counter1
L_main14:
0x0123	0x0824      	MOVF       _counter1, 0
0x0124	0x3C09      	SUBLW      9
0x0125	0x1C03      	BTFSS      STATUS, 0
0x0126	0x293B      	GOTO       L_main15
;MyProject.c,35 :: 		portc=portd=counter1;
0x0127	0x0824      	MOVF       _counter1, 0
0x0128	0x0088      	MOVWF      PORTD
0x0129	0x0808      	MOVF       PORTD, 0
0x012A	0x0087      	MOVWF      PORTC
;MyProject.c,36 :: 		delay_ms(1000); }
0x012B	0x300B      	MOVLW      11
0x012C	0x00FB      	MOVWF      R11
0x012D	0x3026      	MOVLW      38
0x012E	0x00FC      	MOVWF      R12
0x012F	0x305D      	MOVLW      93
0x0130	0x00FD      	MOVWF      R13
L_main17:
0x0131	0x0BFD      	DECFSZ     R13, 1
0x0132	0x2931      	GOTO       L_main17
0x0133	0x0BFC      	DECFSZ     R12, 1
0x0134	0x2931      	GOTO       L_main17
0x0135	0x0BFB      	DECFSZ     R11, 1
0x0136	0x2931      	GOTO       L_main17
0x0137	0x0000      	NOP
0x0138	0x0000      	NOP
;MyProject.c,34 :: 		for(counter1=1;counter1<=9;counter1++){
0x0139	0x0AA4      	INCF       _counter1, 1
;MyProject.c,36 :: 		delay_ms(1000); }
0x013A	0x2923      	GOTO       L_main14
L_main15:
;MyProject.c,37 :: 		for(counter1=16;counter1<=25;counter1++){
0x013B	0x3010      	MOVLW      16
0x013C	0x00A4      	MOVWF      _counter1
L_main18:
0x013D	0x0824      	MOVF       _counter1, 0
0x013E	0x3C19      	SUBLW      25
0x013F	0x1C03      	BTFSS      STATUS, 0
0x0140	0x2955      	GOTO       L_main19
;MyProject.c,38 :: 		portc=portd=counter1;
0x0141	0x0824      	MOVF       _counter1, 0
0x0142	0x0088      	MOVWF      PORTD
0x0143	0x0808      	MOVF       PORTD, 0
0x0144	0x0087      	MOVWF      PORTC
;MyProject.c,39 :: 		delay_ms(1000); }
0x0145	0x300B      	MOVLW      11
0x0146	0x00FB      	MOVWF      R11
0x0147	0x3026      	MOVLW      38
0x0148	0x00FC      	MOVWF      R12
0x0149	0x305D      	MOVLW      93
0x014A	0x00FD      	MOVWF      R13
L_main21:
0x014B	0x0BFD      	DECFSZ     R13, 1
0x014C	0x294B      	GOTO       L_main21
0x014D	0x0BFC      	DECFSZ     R12, 1
0x014E	0x294B      	GOTO       L_main21
0x014F	0x0BFB      	DECFSZ     R11, 1
0x0150	0x294B      	GOTO       L_main21
0x0151	0x0000      	NOP
0x0152	0x0000      	NOP
;MyProject.c,37 :: 		for(counter1=16;counter1<=25;counter1++){
0x0153	0x0AA4      	INCF       _counter1, 1
;MyProject.c,39 :: 		delay_ms(1000); }
0x0154	0x293D      	GOTO       L_main18
L_main19:
;MyProject.c,40 :: 		for(counter1=32;counter1<=35;counter1++){
0x0155	0x3020      	MOVLW      32
0x0156	0x00A4      	MOVWF      _counter1
L_main22:
0x0157	0x0824      	MOVF       _counter1, 0
0x0158	0x3C23      	SUBLW      35
0x0159	0x1C03      	BTFSS      STATUS, 0
0x015A	0x2989      	GOTO       L_main23
;MyProject.c,41 :: 		if(counter1==32){
0x015B	0x0824      	MOVF       _counter1, 0
0x015C	0x3A20      	XORLW      32
0x015D	0x1D03      	BTFSS      STATUS, 2
0x015E	0x2972      	GOTO       L_main25
;MyProject.c,42 :: 		portd=portc=counter1;
0x015F	0x0824      	MOVF       _counter1, 0
0x0160	0x0087      	MOVWF      PORTC
0x0161	0x0807      	MOVF       PORTC, 0
0x0162	0x0088      	MOVWF      PORTD
;MyProject.c,43 :: 		delay_ms(1000);}
0x0163	0x300B      	MOVLW      11
0x0164	0x00FB      	MOVWF      R11
0x0165	0x3026      	MOVLW      38
0x0166	0x00FC      	MOVWF      R12
0x0167	0x305D      	MOVLW      93
0x0168	0x00FD      	MOVWF      R13
L_main26:
0x0169	0x0BFD      	DECFSZ     R13, 1
0x016A	0x2969      	GOTO       L_main26
0x016B	0x0BFC      	DECFSZ     R12, 1
0x016C	0x2969      	GOTO       L_main26
0x016D	0x0BFB      	DECFSZ     R11, 1
0x016E	0x2969      	GOTO       L_main26
0x016F	0x0000      	NOP
0x0170	0x0000      	NOP
0x0171	0x2987      	GOTO       L_main27
L_main25:
;MyProject.c,45 :: 		portb=0b00010100;
0x0172	0x3014      	MOVLW      20
0x0173	0x0086      	MOVWF      PORTB
;MyProject.c,46 :: 		portd=counter1;
0x0174	0x0824      	MOVF       _counter1, 0
0x0175	0x0088      	MOVWF      PORTD
;MyProject.c,47 :: 		portc=counter2;
0x0176	0x0825      	MOVF       _counter2, 0
0x0177	0x0087      	MOVWF      PORTC
;MyProject.c,48 :: 		counter2++;
0x0178	0x0AA5      	INCF       _counter2, 1
;MyProject.c,49 :: 		delay_ms(1000); }
0x0179	0x300B      	MOVLW      11
0x017A	0x00FB      	MOVWF      R11
0x017B	0x3026      	MOVLW      38
0x017C	0x00FC      	MOVWF      R12
0x017D	0x305D      	MOVLW      93
0x017E	0x00FD      	MOVWF      R13
L_main28:
0x017F	0x0BFD      	DECFSZ     R13, 1
0x0180	0x297F      	GOTO       L_main28
0x0181	0x0BFC      	DECFSZ     R12, 1
0x0182	0x297F      	GOTO       L_main28
0x0183	0x0BFB      	DECFSZ     R11, 1
0x0184	0x297F      	GOTO       L_main28
0x0185	0x0000      	NOP
0x0186	0x0000      	NOP
L_main27:
;MyProject.c,40 :: 		for(counter1=32;counter1<=35;counter1++){
0x0187	0x0AA4      	INCF       _counter1, 1
;MyProject.c,50 :: 		}
0x0188	0x2957      	GOTO       L_main22
L_main23:
;MyProject.c,54 :: 		} }
0x0189	0x28C6      	GOTO       L_main0
L_end_main:
0x018A	0x298A      	GOTO       $+0
; end of _main
Symbol List:
//** Routines locations **
//ADDRESS    SIZE    PROCEDURE
//----------------------------------------------
0x0004     [157]    _interrupt
0x00A1       [7]    _____DoICP
0x00A8      [12]    ___CC2DW
0x00B4     [215]    _main
//** Variables locations ** 
//ADDRESS    SIZE    VARIABLE
//----------------------------------------------
0x0000       [1]    INDF
0x0002       [1]    PCL
0x0003       [1]    STATUS
0x0004       [1]    FSR
0x0005       [1]    PORTA
0x0006       [1]    PORTB
0x0007       [1]    PORTC
0x0008       [1]    PORTD
0x000A       [1]    PCLATH
0x000B       [0]    INTF_bit
0x000B       [0]    GIE_bit
0x000B       [0]    INTE_bit
0x0024       [1]    _counter1
0x0025       [1]    _counter2
0x0026       [1]    _flag1
0x0027       [1]    _flag2
0x0028       [2]    ___DoICPAddr
0x002A       [1]    ___saveSTATUS
0x002B       [1]    ___savePCLATH
0x0070       [1]    R0
0x0071       [1]    R1
0x0072       [1]    R2
0x0073       [1]    R3
0x0074       [1]    R4
0x0075       [1]    R5
0x0076       [1]    R6
0x0077       [1]    R7
0x0078       [1]    R8
0x0079       [1]    R9
0x007A       [1]    R10
0x007B       [1]    R11
0x007C       [1]    R12
0x007D       [1]    R13
0x007E       [1]    R14
0x007F       [1]    R15
0x0081       [0]    INTEDG_bit
0x0085       [1]    TRISA
0x0086       [1]    TRISB
0x0087       [1]    TRISC
0x0088       [1]    TRISD
//** Label List: ** 
//----------------------------------------------
  L_main0
  L_main1
  L_main2
  L_main3
  L_main4
  L_main5
  L_main6
  L_main7
  L_main8
  L_main9
  L_main10
  L_main11
  L_main12
  L_main13
  L_main14
  L_main15
  L_main16
  L_main17
  L_main18
  L_main19
  L_main20
  L_main21
  L_main22
  L_main23
  L_main24
  L_main25
  L_main26
  L_main27
  L_main28
  L_interrupt29
  L_interrupt30
  L_interrupt31
  L_interrupt32
  L_interrupt33
  L_interrupt34
  L_interrupt35
  L_interrupt36
  L_interrupt37
  L_interrupt38
  L_interrupt39
  L_interrupt40
  L_interrupt41
  L_interrupt42
  L_interrupt43
  L_interrupt44
  L__interrupt45
  L__interrupt46
  L_end_main
  _main
  L_end_interrupt
  _interrupt
  L__interrupt49
  L_loopCA2AWs
  L_CA2AWend
  _CCA2AW_Loop1
  L_loopCS2Ss
  L_CS2Send
  _CCS2S_Loop1
  L_CCS2Send
  L_loopFZinSWs
  L_FZinSend
  _CC2D_Loop1
  L_end_____DoICP
  _____DoICP
  L_end_____DoIFC
  _____DoIFC
  L_end___CA2AW
  ___CA2AW
  L_end___CCA2AW
  ___CCA2AW
  L_end___CS2S
  ___CS2S
  L_end___CCS2S
  ___CCS2S
  L_end___FZinS
  ___FZinS
  L_end___CC2DW
  ___CC2DW
  L_end_Swap
  _Swap
  L_main0
  L_main1
  L_main2
  L_main3
  L_main4
  L_main5
  L_main6
  L_main7
  L_main8
  L_main9
  L_main10
  L_main11
  L_main12
  L_main13
  L_main14
  L_main15
  L_main16
  L_main17
  L_main18
  L_main19
  L_main20
  L_main21
  L_main22
  L_main23
  L_main24
  L_main25
  L_main26
  L_main27
  L_main28
  L_interrupt29
  L_interrupt30
  L_interrupt31
  L_interrupt32
  L_interrupt33
  L_interrupt34
  L_interrupt35
  L_interrupt36
  L_interrupt37
  L_interrupt38
  L_interrupt39
  L_interrupt40
  L_interrupt41
  L_interrupt42
  L_interrupt43
  L_interrupt44
  L__interrupt45
  L__interrupt46
  L_end_main
  _main
  L_end_interrupt
  _interrupt
  L__interrupt49
